01ccdb06-64b6-479f-b390-6c4c53cc9137 bpinsard@bc12208.int.ets1.calculquebec.ca:/localscratch/bpinsard.30511582.0/mriqc_studyfriends_sub03_ses031.job timestamp=1659039268.666763871s
0245d3ac-d025-45ac-833e-21a4c0bb9edd bpinsard@bc11831.int.ets1.calculquebec.ca:/localscratch/bpinsard.30511576.0/mriqc_studyfriends_sub03_ses056.job timestamp=1659039300.953540775s
03f71348-a0da-40d9-9054-deaeaf961c0d bpinsard@bc12241.int.ets1.calculquebec.ca:/localscratch/bpinsard.30511541.0/mriqc_studyfriends_sub03_ses021.job timestamp=1659039017.863158521s
049f83ad-96bd-414c-bedd-930837b597b4 bpinsard@bc11513.int.ets1.calculquebec.ca:/localscratch/bpinsard.30511551.0/mriqc_studyfriends_sub03_ses043.job timestamp=1659039314.29936655s
0b86b6df-481a-4afd-b128-85af95f3c234 bpinsard@bc12241.int.ets1.calculquebec.ca:/localscratch/bpinsard.30511685.0/mriqc_studyfriends_sub03_ses012.job timestamp=1659041232.653274506s
0bc6f9b1-9d00-41e5-8520-3c4b863a7b56 bpinsard@bc11827.int.ets1.calculquebec.ca:/localscratch/bpinsard.30511640.0/mriqc_studyfriends_sub03_ses015.job timestamp=1659039823.454854471s
0caf6dff-a2ec-4e95-a4df-808775324ead bpinsard@bc12139.int.ets1.calculquebec.ca:/localscratch/bpinsard.30537288.0/mriqc_studyfriends_sub02_ses002.job timestamp=1659117450.850459383s
0e0d20d9-e116-4539-8a8e-69f077cd0758 bpinsard@bc11535.int.ets1.calculquebec.ca:/localscratch/bpinsard.30537294.0/mriqc_studyfriends_sub02_ses005.job timestamp=1659117784.160797575s
10624800-47b2-4980-9b49-3b3109904980 ria-beluga-storage timestamp=1659022672.676944978s
126a335a-8882-4a31-b3d1-f91e1c1b4427 bpinsard@bc11557.int.ets1.calculquebec.ca:/localscratch/bpinsard.30511622.0/mriqc_studyfriends_sub03_ses048.job timestamp=1659039465.406890652s
186f57b4-1e86-4dbb-9a48-5c9c2fc8b33e bpinsard@bc12207.int.ets1.calculquebec.ca:/localscratch/bpinsard.30537257.0/mriqc_studyfriends_sub01_ses008.job timestamp=1659117118.058641714s
1b2eb793-c5e0-4f81-a59b-9d6ab7e0cc93 bpinsard@bc11844.int.ets1.calculquebec.ca:/localscratch/bpinsard.30537322.0/mriqc_studyfriends_sub03_ses005.job timestamp=1659118132.704366028s
1bcc672a-cf7a-4d79-948e-70e9ca0f29b0 bpinsard@bc12105.int.ets1.calculquebec.ca:/localscratch/bpinsard.30511634.0/mriqc_studyfriends_sub03_ses018.job timestamp=1659039668.174278214s
2113e857-d275-47e9-80bb-0cdfd4cb4fbc bpinsard@bc12208.int.ets1.calculquebec.ca:/localscratch/bpinsard.30511644.0/mriqc_studyfriends_sub03_ses045.job timestamp=1659040110.860745078s
22236aef-613c-41b9-9d8f-bd98db1dd8e0 bpinsard@bc12022.int.ets1.calculquebec.ca:/localscratch/bpinsard.30511608.0/mriqc_studyfriends_sub03_ses038.job timestamp=1659039398.442266832s
2335772f-76ea-4b8c-a44d-8391b428ef7d bpinsard@bc12123.int.ets1.calculquebec.ca:/localscratch/bpinsard.30537302.0/mriqc_studyfriends_sub02_ses009.job timestamp=1659117701.74638824s
2718f2d2-23e3-4bc7-9521-1eb3a7801fbd bpinsard@bc12228.int.ets1.calculquebec.ca:/localscratch/bpinsard.30537274.0/mriqc_studyfriends_sub01_ses014.job timestamp=1659117256.337699705s
2f13b036-b7d8-4f56-8448-f39f562d42d1 bpinsard@bc11912.int.ets1.calculquebec.ca:/localscratch/bpinsard.30511548.0/mriqc_studyfriends_sub03_ses013.job timestamp=1659038975.586361165s
2fec65e1-befb-44e8-867a-19122b4adfc7 bpinsard@bc11544.int.ets1.calculquebec.ca:/localscratch/bpinsard.30511635.0/mriqc_studyfriends_sub03_ses032.job timestamp=1659039607.101438571s
30377ab6-7f4f-4182-832a-3afa6f84465b bpinsard@bc11557.int.ets1.calculquebec.ca:/localscratch/bpinsard.30511662.0/mriqc_studyfriends_sub03_ses004.job timestamp=1659041319.206909862s
33383614-6e36-4c3b-8b3c-5a4813124601 bpinsard@bc11411.int.ets1.calculquebec.ca:/localscratch/bpinsard.30537337.0/mriqc_studyfriends_sub03_ses015.job timestamp=1659118646.922575715s
3987c2b8-06fb-40e5-8582-3980cbd48946 bpinsard@bc12221.int.ets1.calculquebec.ca:/localscratch/bpinsard.30537272.0/mriqc_studyfriends_sub01_ses013.job timestamp=1659117290.999179085s
3df33560-409a-4986-8e98-34638cdeaa8d bpinsard@bc11648.int.ets1.calculquebec.ca:/localscratch/bpinsard.30511571.0/mriqc_studyfriends_sub03_ses034.job timestamp=1659039212.273848753s
3fa9d2ae-e8b9-4ad9-9f2a-06c81bc6ee85 bpinsard@bc12301.int.ets1.calculquebec.ca:/localscratch/bpinsard.30537268.0/mriqc_studyfriends_sub01_ses011.job timestamp=1659117240.05129492s
407dc3ea-ad7e-4a9e-b1d7-108aa3486cbe bpinsard@bc12227.int.ets1.calculquebec.ca:/localscratch/bpinsard.30511659.0/mriqc_studyfriends_sub03_ses036.job timestamp=1659041079.045239399s
430cf3de-46f2-4960-b205-d59a2ddaeafc bpinsard@bc11757.int.ets1.calculquebec.ca:/localscratch/bpinsard.30537287.0/mriqc_studyfriends_sub02_ses001.job timestamp=1659117718.258332733s
4450fd13-f6de-4968-ad3a-bf14d486db72 bpinsard@bc11836.int.ets1.calculquebec.ca:/localscratch/bpinsard.30537320.0/mriqc_studyfriends_sub03_ses004.job timestamp=1659118029.641110756s
47b51017-d0cd-43df-90eb-eed273fbdf50 bpinsard@bc11648.int.ets1.calculquebec.ca:/localscratch/bpinsard.30511667.0/mriqc_studyfriends_sub03_ses016.job timestamp=1659041271.208518722s
48573f0d-eb54-448d-89e1-de31a777f502 bpinsard@bc11549.int.ets1.calculquebec.ca:/localscratch/bpinsard.30537296.0/mriqc_studyfriends_sub02_ses006.job timestamp=1659117751.714453097s
4da205b4-d457-48fe-8bea-420bb51ef803 bpinsard@bc11912.int.ets1.calculquebec.ca:/localscratch/bpinsard.30511650.0/mriqc_studyfriends_sub03_ses047.job timestamp=1659040996.468586662s
4fea7b9f-3e34-48b4-892b-c5357c2b5d6e bpinsard@bc11648.int.ets1.calculquebec.ca:/localscratch/bpinsard.30511568.0/mriqc_studyfriends_sub03_ses017.job timestamp=1659039184.157472243s
523f2cb8-b83c-4c6b-b9d2-5f7dd7123606 bpinsard@bc11544.int.ets1.calculquebec.ca:/localscratch/bpinsard.30511617.0/mriqc_studyfriends_sub03_ses057.job timestamp=1659039521.450668753s
525045b7-b283-4c7d-b13d-1a88393b806a bpinsard@bc12228.int.ets1.calculquebec.ca:/localscratch/bpinsard.30511587.0/mriqc_studyfriends_sub03_ses008.job timestamp=1659039250.629202628s
593c3a71-1332-48cd-9b01-6e685e043823 bpinsard@bc11433.int.ets1.calculquebec.ca:/localscratch/bpinsard.30537282.0/mriqc_studyfriends_sub01_ses016.job timestamp=1659117481.664414316s
5acb59de-2a3e-46e9-8b08-8e2d5f561108 bpinsard@bc12241.int.ets1.calculquebec.ca:/localscratch/bpinsard.30511661.0/mriqc_studyfriends_sub03_ses055.job timestamp=1659041066.117848529s
663fd5bf-2e8c-45c3-b857-e18fac8516b4 bpinsard@bc11951.int.ets1.calculquebec.ca:/localscratch/bpinsard.30511652.0/mriqc_studyfriends_sub03_ses022.job timestamp=1659041041.607089297s
69780b89-6755-4a4e-a417-1750d5c7b708 bpinsard@bc11425.int.ets1.calculquebec.ca:/localscratch/bpinsard.30537306.0/mriqc_studyfriends_sub02_ses012.job timestamp=1659117904.570786603s
6a8276c9-e667-456b-83f8-cb9867c2ccae bpinsard@bc12105.int.ets1.calculquebec.ca:/localscratch/bpinsard.30511630.0/mriqc_studyfriends_sub03_ses001.job timestamp=1659039683.156750848s
6b3479b5-4744-4508-aba4-ce1dee413a45 bpinsard@bc12319.int.ets1.calculquebec.ca:/localscratch/bpinsard.30537238.0/mriqc_studyfriends_sub01_ses003.job timestamp=1659117058.071973179s
6bdd020b-fa4e-4599-8a0d-de3bc9bb3571 bpinsard@bc12227.int.ets1.calculquebec.ca:/localscratch/bpinsard.30537267.0/mriqc_studyfriends_sub01_ses010.job timestamp=1659117200.738114856s
6c9cc3c7-9561-4806-a39e-d5fd59b1112b bpinsard@bc12346.int.ets1.calculquebec.ca:/localscratch/bpinsard.30537291.0/mriqc_studyfriends_sub02_ses004.job timestamp=1659117669.637918781s
73df6ae9-42d8-41d3-b32d-202599b303aa bpinsard@bc12233.int.ets1.calculquebec.ca:/localscratch/bpinsard.30537281.0/mriqc_studyfriends_sub01_ses015.job timestamp=1659117273.826101808s
79da9585-5bda-4bfc-82a9-3cca27001bde bpinsard@bc11823.int.ets1.calculquebec.ca:/localscratch/bpinsard.30537305.0/mriqc_studyfriends_sub02_ses011.job timestamp=1659117800.206276012s
7a355638-9c3a-4e98-9bed-6f8fbc81ece6 bpinsard@bc11845.int.ets1.calculquebec.ca:/localscratch/bpinsard.30537324.0/mriqc_studyfriends_sub03_ses006.job timestamp=1659118149.767251455s
7aeaf088-2fc7-4f07-a664-d53ad83eedcf bpinsard@bc12346.int.ets1.calculquebec.ca:/localscratch/bpinsard.30537243.0/mriqc_studyfriends_sub01_ses005.job timestamp=1659117089.774171404s
7fa16b7a-3813-4739-ae67-629bd64ec3e1 bpinsard@bc12022.int.ets1.calculquebec.ca:/localscratch/bpinsard.30511670.0/mriqc_studyfriends_sub03_ses044.job timestamp=1659041245.102764185s
807b4cd7-500c-44a3-8fbc-5a189a07e3db bpinsard@bc12206.int.ets1.calculquebec.ca:/localscratch/bpinsard.30537246.0/mriqc_studyfriends_sub01_ses007.job timestamp=1659117152.844681218s
85d31fa3-76c8-4fc0-896d-e6b542fa2676 bpinsard@bc12241.int.ets1.calculquebec.ca:/localscratch/bpinsard.30511538.0/mriqc_studyfriends_sub03_ses019.job timestamp=1659039004.434695516s
86820aba-a821-4c4d-bda8-bb3fd6dfd636 bpinsard@bc12210.int.ets1.calculquebec.ca:/localscratch/bpinsard.30537264.0/mriqc_studyfriends_sub01_ses009.job timestamp=1659117134.809400888s
86b7ffe5-bb9f-4419-b03f-c75351345f49 bpinsard@bc12152.int.ets1.calculquebec.ca:/localscratch/bpinsard.30537304.0/mriqc_studyfriends_sub02_ses010.job timestamp=1659117767.866864609s
88622780-a1d1-406e-8093-17dab6b809e8 bpinsard@bc11954.int.ets1.calculquebec.ca:/localscratch/bpinsard.30511678.0/mriqc_studyfriends_sub03_ses026.job timestamp=1659041284.764835386s
89934f98-83ca-4d1d-8a0c-7daa086c6231 bpinsard@bc11835.int.ets1.calculquebec.ca:/localscratch/bpinsard.30537312.0/mriqc_studyfriends_sub02_ses015.job timestamp=1659117952.181815723s
8abe7a7f-ffd2-487d-a16b-43d0a7dcdc60 bpinsard@bc12022.int.ets1.calculquebec.ca:/localscratch/bpinsard.30511606.0/mriqc_studyfriends_sub03_ses054.job timestamp=1659039440.900881525s
8b3f8f98-ddf1-4c80-8d45-7ac5298a679c bpinsard@bc11836.int.ets1.calculquebec.ca:/localscratch/bpinsard.30537317.0/mriqc_studyfriends_sub03_ses002.job timestamp=1659117966.992193738s
8c14705b-5c5d-4c4f-b345-34d39ca26375 bpinsard@bc11836.int.ets1.calculquebec.ca:/localscratch/bpinsard.30537319.0/mriqc_studyfriends_sub03_ses003.job timestamp=1659118017.210827279s
8c588d3f-0af4-4e47-9197-82e8046739c8 bpinsard@bc12003.int.ets1.calculquebec.ca:/localscratch/bpinsard.30511597.0/mriqc_studyfriends_sub03_ses052.job timestamp=1659039284.70571882s
9025e684-022f-4375-a125-6315c37ffaa0 bpinsard@bc11513.int.ets1.calculquebec.ca:/localscratch/bpinsard.30511555.0/mriqc_studyfriends_sub03_ses042.job timestamp=1659039198.813832504s
90568b53-d12f-4256-b5b2-7d68d957175d bpinsard@bc12236.int.ets1.calculquebec.ca:/localscratch/bpinsard.30511683.0/mriqc_studyfriends_sub03_ses005.job timestamp=1659041339.246590438s
91890bd0-be4a-47c6-b81c-17ac34a0decf bpinsard@bc12043.int.ets1.calculquebec.ca:/localscratch/bpinsard.30537300.0/mriqc_studyfriends_sub02_ses008.job timestamp=1659117822.27616701s
95362251-6948-47f3-b090-3390e1d473cc bpinsard@bc11556.int.ets1.calculquebec.ca:/localscratch/bpinsard.30511618.0/mriqc_studyfriends_sub03_ses010.job timestamp=1659039504.939035926s
997c4566-0ed2-4e1b-8a7e-4a3a2d4a75e5 bpinsard@bc11912.int.ets1.calculquebec.ca:/localscratch/bpinsard.30511543.0/mriqc_studyfriends_sub03_ses025.job timestamp=1659038989.435418054s
9aadc7ac-c3b5-431b-a9de-7fcc9fbbca36 bpinsard@bc21114.int.ets1.calculquebec.ca:/localscratch/bpinsard.30511672.0/mriqc_studyfriends_sub03_ses041.job timestamp=1659041299.713745207s
a0dfafce-a7f4-4723-93d1-460d4ea1d8e3 bpinsard@bc11912.int.ets1.calculquebec.ca:/localscratch/bpinsard.30511675.0/mriqc_studyfriends_sub03_ses009.job timestamp=1659041220.455827829s
a13ca960-0d97-45f7-995b-bad4b9a3bb9a bpinsard@bc12317.int.ets1.calculquebec.ca:/localscratch/bpinsard.30537236.0/mriqc_studyfriends_sub01_ses001.job timestamp=1659117180.12345324s
a59053dd-4299-4a99-8f3e-8420b203c9aa bpinsard@bc11911.int.ets1.calculquebec.ca:/localscratch/bpinsard.30511626.0/mriqc_studyfriends_sub03_ses039.job timestamp=1659039636.916645954s
a65ed1c6-6bc5-454a-8e3f-e1709a8e8313 bpinsard@bc12346.int.ets1.calculquebec.ca:/localscratch/bpinsard.30537244.0/mriqc_studyfriends_sub01_ses006.job timestamp=1659117076.021367223s
a89578bb-2171-4be2-9949-bfaf5f7f0dc0 bpinsard@bc12227.int.ets1.calculquebec.ca:/localscratch/bpinsard.30511655.0/mriqc_studyfriends_sub03_ses020.job timestamp=1659041053.92492946s
ac68920d-b177-48c3-bd2e-82f5e40a26b7 bpinsard@bc12003.int.ets1.calculquebec.ca:/localscratch/bpinsard.30537299.0/mriqc_studyfriends_sub02_ses007.job timestamp=1659117734.614332177s
b0dff26e-c53d-4ae0-b628-1c820933b884 bpinsard@bc21114.int.ets1.calculquebec.ca:/localscratch/bpinsard.30511641.0/mriqc_studyfriends_sub03_ses029.job timestamp=1659039842.617268143s
b59fc917-49b3-4319-ab50-fe79ec8ee49e bpinsard@bc12236.int.ets1.calculquebec.ca:/localscratch/bpinsard.30511680.0/mriqc_studyfriends_sub03_ses050.job timestamp=1659041258.354428027s
b990fc0d-cc73-49a8-8e4f-ae1e42b75706 bpinsard@bc12346.int.ets1.calculquebec.ca:/localscratch/bpinsard.30537241.0/mriqc_studyfriends_sub01_ses004.job timestamp=1659117102.424969939s
ba1f77e0-4059-4724-b3a9-1fa25bd25254 bpinsard@bc12040.int.ets1.calculquebec.ca:/localscratch/bpinsard.30511612.0/mriqc_studyfriends_sub03_ses051.job timestamp=1659039421.717164742s
c7e702b5-0c19-4882-b7ea-4032255472c1 bpinsard@bc11827.int.ets1.calculquebec.ca:/localscratch/bpinsard.30537285.0/mriqc_studyfriends_sub01_ses018.job timestamp=1659117497.620398558s
ce9221ef-a198-4a9b-aac4-54d87ee27b1d bpinsard@bc12040.int.ets1.calculquebec.ca:/localscratch/bpinsard.30511649.0/mriqc_studyfriends_sub03_ses007.job timestamp=1659041011.226164828s
d17e4efa-a4d1-4863-8161-f2b8a2842a2d bpinsard@bc11857.int.ets1.calculquebec.ca:/localscratch/bpinsard.30537334.0/mriqc_studyfriends_sub03_ses013.job timestamp=1659118882.560630492s
d245a1de-f3e2-4225-aaa2-d1f13e818ce3 bpinsard@bc12319.int.ets1.calculquebec.ca:/localscratch/bpinsard.30537237.0/mriqc_studyfriends_sub01_ses002.job timestamp=1659117032.804592354s
d5f754ca-3556-42bf-a7ee-0fe77e35e45f bpinsard@bc12227.int.ets1.calculquebec.ca:/localscratch/bpinsard.30511646.0/mriqc_studyfriends_sub03_ses046.job timestamp=1659040580.061455672s
dadc2c75-193d-46c7-be43-bd296210d971 bpinsard@bc12359.int.ets1.calculquebec.ca:/localscratch/bpinsard.30537270.0/mriqc_studyfriends_sub01_ses012.job timestamp=1659117222.684148148s
de0fedf1-3816-4840-b21d-6ad787661c58 bpinsard@bc11425.int.ets1.calculquebec.ca:/localscratch/bpinsard.30537342.0/mriqc_studyfriends_sub03_ses018.job timestamp=1659118867.666186335s
dfcb78a7-9099-431d-a199-de900dae6b07 bpinsard@bc12222.int.ets1.calculquebec.ca:/localscratch/bpinsard.30511653.0/mriqc_studyfriends_sub03_ses024.job timestamp=1659041028.4707436s
e098cadc-c361-443b-9ad5-fb976f084232 bpinsard@bc12222.int.ets1.calculquebec.ca:/localscratch/bpinsard.30511600.0/mriqc_studyfriends_sub03_ses040.job timestamp=1659039488.554688212s
e5cadbe7-9968-42a2-a706-690950eecfb4 bpinsard@bc11951.int.ets1.calculquebec.ca:/localscratch/bpinsard.30511578.0/mriqc_studyfriends_sub03_ses011.job timestamp=1659039227.247792988s
e7a96d22-7fd5-4979-b94f-8349b729ea72 bpinsard@bc11432.int.ets1.calculquebec.ca:/localscratch/bpinsard.30537354.0/mriqc_studyfriends_sub03_ses026.job timestamp=1659119099.107183924s
ec82c138-67ca-4411-86be-11651035c8ab bpinsard@bc12327.int.ets1.calculquebec.ca:/localscratch/bpinsard.30537348.0/mriqc_studyfriends_sub03_ses022.job timestamp=1659118896.916176748s
ecd5b91c-bcfc-4d9d-a227-7200c231f914 bpinsard@bc12228.int.ets1.calculquebec.ca:/localscratch/bpinsard.30511648.0/mriqc_studyfriends_sub03_ses006.job timestamp=1659040546.035335975s
ecffc0cb-b758-48d1-a434-b4e3e17b782b bpinsard@bc11911.int.ets1.calculquebec.ca:/localscratch/bpinsard.30511627.0/mriqc_studyfriends_sub03_ses033.job timestamp=1659039651.734439846s
f0250be0-b76e-4bf2-9b3a-105aba727b2e bpinsard@bc11836.int.ets1.calculquebec.ca:/localscratch/bpinsard.30537316.0/mriqc_studyfriends_sub03_ses001.job timestamp=1659117979.931847779s
f1646454-8e51-4765-9b51-23366eb21eda bpinsard@beluga1.int.ets1.calculquebec.ca:/lustre03/project/6003287/datasets/cneuromod_processed/mriqc/friends timestamp=1659021803.964985792s
f1bfd95f-629f-453c-837d-2f636cb6d9bc bpinsard@bc11835.int.ets1.calculquebec.ca:/localscratch/bpinsard.30537313.0/mriqc_studyfriends_sub02_ses016.job timestamp=1659117992.12834422s
f2f5635e-3219-4d00-9ee5-327a507afe20 bpinsard@bc11835.int.ets1.calculquebec.ca:/localscratch/bpinsard.30537310.0/mriqc_studyfriends_sub02_ses014.job timestamp=1659117939.715174769s
f3f56d16-0e56-4261-9e89-1b99e1b547cc bpinsard@bc11556.int.ets1.calculquebec.ca:/localscratch/bpinsard.30511638.0/mriqc_studyfriends_sub03_ses023.job timestamp=1659039619.670660264s
f5604196-99ce-4f02-bba3-51fc6a02d802 bpinsard@bc12227.int.ets1.calculquebec.ca:/localscratch/bpinsard.30511657.0/mriqc_studyfriends_sub03_ses035.job timestamp=1659041091.635346121s
fc29c5c2-fe5a-43ad-b295-83fefaac1f8c bpinsard@bc21101.int.ets1.calculquebec.ca:/localscratch/bpinsard.30537290.0/mriqc_studyfriends_sub02_ses003.job timestamp=1659117466.468748178s
